28 33
26 33
27 33
21 33
23 33
23 33
21 33
26 33
28 33
21 33
22 33
23 33
21 33
23 33
26 33
21 33
22 33
27 33
22 33
22 33
26 33
25 33
25 33
23 33
28 33
22 33
21 33
23 33
22 33
22 33
27 33
25 33
22 33
25 33
21 33
22 33
25 33
23 33
26 33
21 33
22 33
22 33
27 33
20 33
25 33
23 33
26 33
26 33
28 33
25 33
20 33
23 33
27 33
25 33
26 38
28 38
25 38
29 38
28 38
36 38
41 44
30 44
33 44
28 41
29 41
34 41
25 41
26 41
29 41
33 41
27 41
25 41
30 41
28 41
36 41
37 41
30 41
26 41
31 41
28 41
34 41
38 41
27 41
32 41
31 41
27 41
33 41
35 41
31 41
29 41
29 41
35 41
27 41
34 41
25 41
26 41
24 41
32 41
36 41
28 41
34 41
27 41
28 41
29 41
28 41
31 41
32 41
28 41
34 41
37 41
27 41
30 41
31 41
32 41
29 41
37 41
29 41
29 41
30 41
29 41
24 41
29 41
26 41
27 41
31 44
33 44
35 44
32 44
30 44
31 44
31 44
29 44
31 44
28 44
32 44
28 44
32 44
28 44
30 44
31 44
31 44
27 44
32 44
31 44
32 44
28 44
28 44
28 44
27 44
29 44
30 44
33 44
30 44
30 44
26 44
31 44
35 47
30 47
36 47
31 47
33 47
42 47
29 47
32 47
36 47
33 47
34 47
34 47
36 47
30 47
30 47
37 47
32 47
28 47
32 47
31 47
31 47
32 47
31 47
41 47
31 47
39 47
31 47
40 47
30 47
33 47
35 47
35 47
36 47
31 47
29 47
32 47
32 47
25 47
35 47
30 47
32 47
38 47
32 47
36 47
32 47
40 47
36 47
31 47
33 47
32 47
30 47
30 47
38 47
33 47
31 47
29 47
31 47
31 47
33 47
40 47
35 47
33 47
39 49
36 49
37 49
37 49
33 49
36 49
45 49
34 49
33 49
32 49
39 49
30 49
31 49
34 49
38 49
45 49
35 49
42 49
40 49
35 49
32 49
41 49
29 49
36 49
28 49
39 49
28 49
33 49
36 49
39 49
31 49
38 49
28 49
30 49
36 49
44 49
40 49
36 49
31 49
30 49
39 49
35 49
34 49
41 49
38 49
39 49
30 49
37 49
34 49
31 49
34 49
34 49
32 49
33 49
43 49
37 49
41 49
42 49
43 49
29 49
41 49
38 49
39 49
34 49
29 49
37 49
31 49
31 49
32 49
35 49
33 49
40 49
40 49
39 49
33 49
35 49
32 49
44 49
29 49
44 49
40 49
29 49
36 49
45 49
40 49
31 49
42 49
31 49
34 49
39 49
42 49
33 49
34 49
36 49
34 49
39 49
39 49
34 49
29 49
39 49
33 49
39 49
41 49
34 49
46 49
32 49
27 49
37 49
32 49
30 49
28 49
38 49
42 49
36 49
36 49
40 49
40 49
34 49
38 49
43 49
38 49
37 49
34 49
41 49
36 49
35 49
36 49
40 49
40 49
31 49
34 49
38 49
37 49
34 49
33 49
34 49
45 49
32 49
29 49
31 49
46 49
31 49
33 49
35 49
36 49
37 49
38 53
39 53
38 53
44 53
32 53
37 53
44 53
43 53
39 53
35 53
36 53
35 53
50 53
41 53
37 53
43 53
40 53
45 53
33 53
38 53
35 53
39 53
36 53
37 53
36 53
41 53
39 53
31 52
41 52
33 52
50 52
35 52
38 52
41 52
38 52
32 52
35 52
33 52
33 52
35 52
40 52
35 52
35 52
34 52
31 52
33 52
31 52
39 52
27 52
40 52
41 52
34 52
34 52
39 52
33 52
33 52
36 52
45 52
32 52
28 52
34 52
40 52
39 58
53 58
35 58
44 58
37 58
39 58
43 58
39 58
37 58
39 58
47 58
44 58
38 58
41 58
37 58
40 58
41 58
38 58
43 58
49 58
34 58
37 58
35 58
42 58
41 58
34 58
44 58
42 58
37 58
37 58
37 58
43 63
41 63
52 63
54 63
41 63
38 63
50 63
39 65
50 65
53 65
47 65
39 65
48 65
49 65
48 65
39 65
41 65
46 65
55 65
50 65
47 65
44 65
53 65
43 65
49 65
55 65
43 65
39 65
38 65
60 64
55 64
55 64
38 64
41 64
53 64
46 64
46 64
44 64
49 64
42 64
37 64
53 64
56 64
37 64
45 64
39 64
53 64
39 64
46 64
52 64
53 64
43 64
47 64
44 64
43 64
38 64
53 64
36 64
44 64
41 64
53 64
53 64
45 64
45 64
40 64
51 64
50 64
46 64
46 64
43 64
49 64
45 64
52 64
56 64
40 64
43 64
48 64
57 64
53 64
58 64
38 64
43 64
43 64
40 64
46 64
38 64
44 64
39 64
38 64
50 64
61 64
33 64
59 64
37 64
39 64
49 64
57 64
51 64
57 64
41 64
42 64
51 64
51 64
36 64
47 64
36 64
37 64
36 64
50 64
37 64
39 64
39 64
53 64
45 64
53 64
37 64
55 64
42 69
41 69
1 1
52 69
56 69
48 69
41 69
51 69
52 69
48 69
55 69
43 69
49 69
49 69
40 69
55 69
39 69
51 69
46 69
49 69
41 69
40 69
53 69
49 69
39 69
48 69
55 69
47 69
50 69
1 2
54 69
50 69
54 69
41 69
44 69
51 69
42 69
55 69
47 69
55 69
48 69
58 69
49 69
35 69
53 69
47 69
53 69
50 69
51 69
44 69
50 69
47 69
53 69
39 69
53 69
57 69
43 69
41 69
53 69
39 69
53 69
54 69
53 69
51 69
53 69
45 69
45 69
54 69
43 69
49 69
40 69
62 69
47 69
54 69
44 69
54 69
62 69
61 69
44 69
53 69
46 69
40 69
41 69
51 69
42 69
47 69
42 69
40 69
45 69
56 69
55 69
51 69
46 69
45 69
46 69
52 69
36 69
56 72
47 72
48 72
52 72
48 72
52 72
50 72
49 72
53 72
45 72
45 72
54 72
48 72
61 72
57 72
53 72
53 72
53 72
50 72
53 72
54 72
54 72
50 72
54 72
53 72
51 72
49 72
47 72
67 72
45 72
48 72
53 72
53 72
45 72
57 72
55 72
54 72
51 72
43 72
46 72
46 72
56 72
50 72
52 72
51 72
57 72
59 72
52 72
55 72
57 72
55 72
65 72
52 72
46 72
52 72
51 72
43 72
45 72
61 72
59 72
43 72
54 72
47 72
45 72
48 72
47 72
51 72
63 72
54 72
43 72
58 72
53 72
50 72
44 72
42 72
42 72
60 72
49 72
42 72
42 72
43 72
51 72
50 72
51 72
43 72
65 72
46 72
42 72
53 72
49 72
50 72
53 72
52 72
45 72
56 72
49 72
39 72
57 72
53 72
54 65
59 65
33 38
46 65
61 65
55 70
55 70
60 70
53 70
54 70
50 70
65 70
58 70
57 70
49 70
50 70
47 70
41 70
50 70
50 70
56 70
58 70
46 70
56 70
43 70
51 70
52 70
53 70
55 70
55 70
54 70
57 70
48 70
58 70
55 70
57 70
46 70
49 70
58 70
49 70
52 70
22 24
41 70
56 70
46 70
60 74
45 74
48 74
50 74
57 74
62 74
57 74
45 74
27 49
51 95
76 95
82 95
65 95
68 95
75 95
77 95
69 95
88 95
73 95
69 95
58 95
67 95
84 95
67 95
64 95
66 95
86 95
0 0
60 95
76 95
73 95
76 95
61 95
63 95
52 95
61 95
77 95
69 95
68 95
67 95
78 95
67 95
61 95
63 95
81 95
67 95
78 95
73 95
54 95
65 95
70 95
81 95
53 95
68 95
57 95
66 95
78 95
78 95
62 95
67 95
76 95
55 95
62 95
74 95
79 95
67 95
77 95
68 95
65 95
66 95
80 95
56 95
71 95
80 95
67 95
62 95
86 95
83 95
76 95
57 95
58 95
64 95
62 95
81 95
67 95
74 95
73 95
76 95
79 95
62 95
63 95
66 95
75 95
88 95
66 95
83 95
69 95
78 95
65 95
65 95
0 0
68 95
79 95
78 95
63 95
70 95
71 95
79 95
82 95
66 95
66 95
62 95
79 95
55 95
66 95
68 95
62 95
78 95
65 95
68 95
78 95
57 95
58 95
68 95
81 95
69 95
67 95
72 95
67 95
84 95
62 95
74 95
64 95
69 95
60 95
76 95
80 93
61 93
19 29
79 102
65 102
79 102
85 102
79 102
71 102
69 102
87 102
70 102
74 102
66 102
68 102
59 102
87 102
77 102
72 102
70 102
54 102
64 102
69 102
99 102
70 102
85 102
77 102
10 12
64 102
66 102
68 102
73 102
65 102
80 102
73 102
91 102
76 102
70 102
75 102
65 102
85 102
88 102
67 102
70 102
77 102
81 102
85 102
89 102
78 102
66 102
68 102
69 102
77 102
75 102
91 102
79 102
75 102
67 102
85 102
70 102
81 102
68 102
69 102
87 102
73 102
75 102
76 102
69 102
70 102
65 102
66 102
69 102
67 102
66 102
69 102
99 102
74 102
78 102
67 102
65 102
64 102
84 103
68 103
81 103
77 103
66 103
66 103
93 103
70 103
76 103
64 103
72 103
79 103
67 103
77 103
58 103
81 103
89 103
66 103
75 103
85 103
66 103
75 103
79 103
67 103
80 103
68 103
88 103
100 103
60 103
92 103
73 103
72 103
68 103
86 103
66 103
76 103
77 103
68 103
81 103
67 103
83 103
82 103
78 103
68 103
78 103
71 103
67 103
89 103
71 103
65 103
66 103
0 0
68 103
81 103
1 1
65 103
65 103
76 103
69 103
89 103
71 103
79 103
78 103
65 103
59 103
71 103
92 103
0 0
56 103
76 103
73 103
66 103
72 103
72 103
95 103
86 103
93 103
66 103
72 103
74 103
48 91
63 91
61 91
69 91
80 91
73 91
63 91
56 91
60 91
62 91
74 91
75 92
83 92
66 92
65 92
78 92
13 15
63 92
52 92
72 92
58 92
54 92
56 92
71 92
53 92
81 92
82 92
55 92
70 92
73 92
63 92
59 92
69 92
72 92
63 92
67 92
63 92
75 92
71 92
50 92
66 92
67 92
64 92
75 92
73 92
52 92
70 92
58 87
62 87
77 87
72 87
3 3
67 87
77 87
56 87
64 87
51 87
74 87
59 87
56 87
54 87
76 87
60 87
65 87
1 1
69 87
57 87
72 87
56 87
69 87
71 87
77 87
56 87
71 87
71 87
71 87
63 87
71 87
63 87
70 87
60 87
66 87
61 87
79 87
78 87
59 87
68 87
67 87
65 87
71 87
84 87
68 87
63 87
51 87
59 87
70 87
82 87
59 87
72 87
62 87
70 87
74 87
59 87
76 87
66 87
59 87
62 87
71 87
69 87
71 87
71 87
73 87
55 87
62 87
66 87
85 87
66 87
79 87
84 87
69 87
75 87
69 93
68 93
75 93
80 93
82 93
63 93
72 93
66 93
71 93
80 93
53 93
73 93
72 93
71 93
61 93
72 93
82 93
72 93
74 93
53 80
64 80
67 93
63 93
75 93
80 93
75 93
66 93
73 93
64 93
70 93
73 93
71 93
77 93
75 93
80 93
87 93
29 48
36 48
0 0
40 48
57 81
77 94
75 94
62 94
56 94
55 94
90 94
71 94
85 94
86 117
85 117
1 1
80 117
79 117
76 117
79 117
95 117
78 117
77 117
69 117
77 117
78 117
103 117
80 117
84 117
84 117
96 117
89 117
79 117
93 117
96 117
89 117
88 117
85 117
76 117
77 117
80 117
56 93
62 93
1 1
68 93
56 93
77 93
75 93
67 93
67 93
59 93
65 93
55 93
77 93
76 93
77 93
86 93
0 0
62 93
75 93
79 96
72 96
0 0
61 96
63 96
74 96
93 96
58 96
91 96
0 0
82 96
54 96
64 96
55 96
73 96
72 96
79 96
68 91
52 91
0 0
2 4
67 91
63 91
67 91
72 91
70 91
69 91
66 91
61 91
65 91
59 91
65 91
60 91
67 91
53 91
58 91
59 91
71 91
50 91
66 91
57 91
73 91
69 91
70 91
67 91
50 91
48 91
0 0
53 91
67 91
59 91
72 91
66 91
79 91
70 91
66 91
62 91
75 91
66 91
0 0
71 91
61 91
66 91
49 91
68 91
65 91
79 91
61 91
70 91
60 91
57 91
51 91
58 91
65 91
71 91
51 91
64 91
51 91
60 91
75 91
68 91
54 91
69 91
56 87
57 87
55 87
91 115
98 115
79 115
75 115
83 115
102 115
96 115
98 115
79 115
96 115
88 115
61 115
83 115
75 115
109 115
72 115
95 115
85 115
97 115
0 0
71 115
82 115
79 115
72 115
66 115
67 115
5 5
77 112
94 112
94 112
85 112
96 120
81 120
0 0
98 114
92 114
73 114
97 114
61 114
87 114
106 114
90 114
101 114
0 0
94 114
107 114
77 114
71 114
93 114
99 114
77 114
73 114
100 114
66 114
73 114
99 114
63 114
76 114
91 114
75 114
92 114
100 114
72 114
102 114
77 114
88 114
90 114
98 114
59 114
97 114
97 114
99 114
63 114
69 114
63 114
91 114
97 114
97 114
90 114
79 114
80 114
99 114
93 114
71 114
76 107
98 107
73 107
78 107
96 107
77 107
73 107
100 107
79 107
83 107
67 107
86 107
92 107
59 107
68 107
77 107
11 17
63 107
79 111
65 111
95 111
96 111
89 111
94 111
0 0
79 111
91 111
92 111
74 111
96 111
96 111
77 111
78 111
74 111
96 111
91 111
82 107
78 107
37 46
85 107
100 134
82 134
77 134
106 134
122 134
94 134
87 134
92 134
93 134
116 134
117 134
80 134
78 134
119 134
103 134
90 134
88 134
113 134
1 1
90 134
76 134
92 134
122 134
92 134
71 134
116 134
88 134
100 134
74 134
119 134
104 134
82 134
77 134
95 134
85 134
114 134
100 134
77 134
90 134
75 134
82 134
114 134
112 134
89 134
80 134
93 134
85 134
82 134
112 134
77 134
92 134
75 134
118 134
78 134
18 23
57 102
73 127
96 127
8 12
80 127
94 127
80 127
113 127
81 127
90 127
92 127
106 127
92 127
77 127
96 127
87 127
90 127
116 127
89 127
73 127
88 127
84 127
87 127
86 127
84 127
105 127
84 127
93 127
75 127
88 127
95 127
108 127
84 127
77 127
94 127
90 127
84 127
118 127
88 127
85 127
91 135
