53521
100559
117096
47572
61610
88917
57781
31205
22294
56654
85920
1854
64397
113708
60756
67572
73229
51966
57270
52253
44676
23131
42774
79291
82243
60789
25881
81288
91530
43722
70481
50083
36614
61598
75199
91091
33308
84067
68806
16886
70297
88840
68929
108242
21665
72036
59264
28948
76788
32316
11033
85380
107058
24871
104399
21692
72340
29737
102793
64617
70969
49520
65983
85125
47497
35868
33054
91497
54651
58150
39956
62658
92718
56583
63609
105656
53698
59705
75029
74235
54323
34797
48866
101982
49559
47739
84991
17936
65378
80601
34041
77148
10699
60535
92376
10947
72024
58263
53795
73174
50125
68574
86824
39070
92193
49424
19905
42056
44928
97421
66159
101712
21097
40011
57365
62377
16567
40484
86521
25132
50750
68257
87243
58289
59702
85799
41069
22289
38311
111390
61103
68890
41903
24988
33058
50726
78002
81133
69944
25455
71955
47540
57232
20321
73068
25378
21525
21998
45961
66727
62510
68958
58050
72328
49701
54092
50194
67094
34835
53184
91303
72808
39564
77062
78320
30738
53763
80743
84401
62011
36289
19549
70632
83251
67699
53518
74961
27071
17054
81765
33730
73657
42428
69164
35072
19518
65152
34763
43884
75059
52574
47800
92437
97237
101999
50983
46446
24582
39887
61954
63989
16387
78755
26611
36658
91516
66647
58147
90115
29340
49840
70049
67588
58289
25405
39515
99378
25929
22976
95872
52501
59716
54909
93895
55398
111511
34245
53353
51996
35933
59074
54101
92803
74297
48516
23450
73757
61201
29567
79612
53153
59779
98174
17880
81775
78690
24151
34976
60918
38416
63715
78767
23862
56086
29655
44998
31857
31544
30457
50511
23202
95365
76918
66212
54545
95700
22636
48065
79852
40562
57818
46322
89807
56305
72135
5167
37533
75476
11495
4632
66527
43662
34542
44297
96709
65485
115058
45644
62450
37082
72391
73298
24126
86919
34033
29602
29188
50042
77749
68690
47926
92512
25655
33260
33411
81024
56243
50163
60037
41863
49927
69890
26428
93206
49994
84040
17303
76643
46614
3722
66869
63508
79158
45476
59242
69491
64588
46415
34049
76385
97231
29302
18640
82882
95631
93387
85913
59392
81294
22640
57061
33569
42386
43969
87539
105499
43457
91671
70922
53718
81306
26064
75030
117393
62983
62339
54677
65821
60249
17848
62141
6978
100987
43387
45512
101732
62992
35798
48885
112009
75701
21991
54435
81566
101127
81097
68511
62943
82983
30065
42933
33920
62561
50485
64261
62917
51318
63510
53595
57617
77457
68033
76346
76789
79776
82588
38211
83791
25069
23140
83399
91418
85697
68457
88734
31385
33763
29001
94541
96304
14150
24667
40518
75431
68832
40655
45951
38124
56356
38963
40636
34263
7103
61996
14324
65416
61279
28033
89084
88477
95019
46758
80614
29771
68563
84967
30957
61722
9541
59317
68112
44907
86278
23724
79928
21048
40057
69475
99497
57685
6957
58617
127687
76246
56584
76475
69378
68672
74233
59090
96014
12785
71592
21278
42913
14342
34999
26310
51329
95300
19456
58772
66286
53254
56291
27012
91534
33812
39106
87292
19844
45466
34480
37377
61222
43460
52306
16025
47406
84109
11361
48481
31480
48157
46642
69052
22206
82083
48240
31003
16650
56367
58855
29026
78799
57938
90463
67612
58048
84372
46426
74015
39297
45966
48841
97839
60154
33591
17955
80247
70846
40085
60322
41528
11916
82342
5670
65531
64699
63932
41597
18090
81879
84193
24291
51339
51634
22677
75449
58602
67556
66615
47329
45782
25035
39484
88328
61477
63269
39035
38563
47456
67143
83773
60982
27087
67717
16377
47466
104885
39160
39482
54699
53165
33260
39581
65591
23066
88293
46995
61650
84600
35233
33445
12800
78762
33476
93668
50126
81686
49707
36543
71138
71421
33810
44400
32694
23274
87240
57183
65146
50721
43621
39344
88546
20096
19720
91695
53343
82031
45285
91805
101913
47650
35637
44725
12855
21346
64630
76751
42717
19738
67407
72897
62485
90229
74929
66915
54496
98815
83520
32690
104755
44215
59104
66644
39576
57734
53899
74029
77546
41662
100978
25220
46798
61747
20156
56334
80549
93978
51304
56241
87265
52285
36436
52605
104173
44853
78927
39239
104634
20935
70909
60132
45534
67094
39841
33680
35888
18378
84865
28041
44746
26162
111200
56310
65030
106088
36039
71659
59707
17835
25777
85971
70106
54450
44281
92976
42212
2451
9101
65852
54427
51940
99138
80207
68307
79136
92420
34136
50839
71428
49935
64428
69308
57286
75248
16907
61034
34981
73277
41771
57211
67502
109190
53743
52452
70290
68617
68690
15630
70614
46196
59658
57775
79102
49934
59203
83005
63354
72900
62852
15463
106646
50375
72074
56811
26377
61869
17825
35662
41992
63359
50682
49694
80213
74164
40532
40766
89581
74570
74746
17016
84646
47180
25534
28087
47755
17926
5722
56919
27579
45594
79237
55198
89863
57641
81133
77613
61012
37059
66530
89286
28746
75267
56633
63245
83622
41835
47365
23721
49972
24266
50742
60050
61320
72071
83630
75021
60813
28894
38366
87433
9594
25881
122061
66458
74267
39796
97090
32827
41380
43930
80509
77444
43292
84255
85348
59816
85710
80018
8164
7105
86822
42690
61871
62976
55017
62388
42733
77981
73148
90468
45204
56411
9574
72826
45885
45355
53867
39650
84211
25299
75981
52551
76385
44872
56930
36149
66802
84944
92899
28754
56951
57772
63702
57000
78289
84926
72205
42136
94084
49513
84130
28951
49483
57802
65535
112978
70465
54181
52463
66788
31468
68799
55285
43227
62407
37078
78404
73531
128038
34214
66028
13872
30040
64047
56316
19759
109785
120166
27955
37259
0
39875
21724
75605
76263
67162
69655
46226
32039
16024
76169
54755
56508
47049
53555
49759
86875
60347
35350
60395
55847
47755
8273
99011
108969
30777
49026
39226
39941
24608
27934
69781
84523
71849
87450
1707
48286
33705
6729
15695
19705
90277
32596
78263
50038
38526
68806
9039
39522
80113
75725
50575
62132
108969
76294
12535
19721
99145
109907
42447
34510
77867
33736
64158
29358
45580
38903
55112
78034
57447
65974
86062
49786
67071
18512
31939
81401
102774
64394
62152
78273
66619
43912
61914
44983
12610
24991
10992
87484
70478
70376
79820
51460
60315
40500
18842
106396
80160
69907
34632
68272
34490
19009
64157
74166
102596
89493
76175
48828
44616
29152
64559
119071
88063
33245
65807
65928
83359
81162
42969
48427
44124
53615
75197
48839
12773
54223
